<?xml version="1.0" encoding="UTF-8"?>
<!-- Generated by org.testng.reporters.JUnitXMLReporter -->
<testsuite hostname="DESKTOP-HR7OA0S" name="Default test" tests="4" failures="0" timestamp="23 Feb 2016 13:42:15 GMT" time="6.929" errors="0">
  <testcase name="test_1368" time="0.518" classname="tests.TestInvoiceHeaders"/>
  <testcase name="test_1413_1427" time="0.436" classname="tests.TestInvoiceHeaders"/>
  <testcase name="test_1432" time="0.34" classname="tests.TestInvoiceHeaders"/>
  <testcase name="test_1656" time="0.316" classname="tests.TestInvoiceHeaders"/>
</testsuite> <!-- Default test -->
