<?xml version="1.0" encoding="UTF-8"?>
<!-- Generated by org.testng.reporters.JUnitXMLReporter -->
<testsuite hostname="DESKTOP-HR7OA0S" name="Default test" tests="19" failures="0" timestamp="26 Jan 2016 15:03:47 GMT" time="120.871" errors="0">
  <testcase name="testExternalInvoice" time="6.304" classname="tests.TestExtInvSupPortal"/>
  <testcase name="test_1408" time="1.153" classname="tests.TestExtInvSupPortal"/>
  <testcase name="test_1442" time="0.966" classname="tests.TestExtInvSupPortal"/>
  <testcase name="test_1466" time="8.543" classname="tests.TestExtInvSupPortal"/>
  <testcase name="test_1479" time="4.158" classname="tests.TestExtInvSupPortal"/>
  <testcase name="test_1506_1" time="11.658" classname="tests.TestExtInvSupPortal"/>
  <testcase name="test_1506_10" time="10.637" classname="tests.TestExtInvSupPortal"/>
  <testcase name="test_1506_11" time="7.945" classname="tests.TestExtInvSupPortal"/>
  <testcase name="test_1506_12" time="4.716" classname="tests.TestExtInvSupPortal"/>
  <testcase name="test_1506_13" time="17.625" classname="tests.TestExtInvSupPortal"/>
  <testcase name="test_1506_14" time="5.948" classname="tests.TestExtInvSupPortal"/>
  <testcase name="test_1506_2" time="5.498" classname="tests.TestExtInvSupPortal"/>
  <testcase name="test_1506_3" time="4.246" classname="tests.TestExtInvSupPortal"/>
  <testcase name="test_1506_4" time="6.101" classname="tests.TestExtInvSupPortal"/>
  <testcase name="test_1506_5" time="5.684" classname="tests.TestExtInvSupPortal"/>
  <testcase name="test_1506_6" time="4.885" classname="tests.TestExtInvSupPortal"/>
  <testcase name="test_1506_7" time="5.324" classname="tests.TestExtInvSupPortal"/>
  <testcase name="test_1506_8" time="4.185" classname="tests.TestExtInvSupPortal"/>
  <testcase name="test_1506_9" time="4.999" classname="tests.TestExtInvSupPortal"/>
</testsuite> <!-- Default test -->
