<?xml version="1.0" encoding="UTF-8"?>
<!-- Generated by org.testng.reporters.JUnitXMLReporter -->
<testsuite hostname="DESKTOP-HR7OA0S" name="Test2" tests="4" failures="0" timestamp="22 Jan 2016 08:53:00 GMT" time="0.008" errors="0">
  <testcase name="myTestMethod1" time="0.0" classname="tests.MyTestClass1"/>
  <testcase name="myTestMethod2" time="0.0" classname="tests.MyTestClass1"/>
  <testcase name="myTestMethod3" time="0.001" classname="tests.MyTestClass2"/>
  <testcase name="myTestMethod4" time="0.001" classname="tests.MyTestClass2"/>
</testsuite> <!-- Test2 -->
