<?xml version="1.0" encoding="UTF-8"?>
<!-- Generated by org.testng.reporters.JUnitXMLReporter -->
<testsuite hostname="DESKTOP-HR7OA0S" name="2.4.1.0 chunk1" tests="20" failures="0" timestamp="10 Mar 2016 14:03:33 GMT" time="28.603" errors="0">
  <testcase name="test_1442" time="4.237" classname="tests.TestExtInvSupPortal"/>
  <testcase name="test_1479" time="8.627" classname="tests.TestExtInvSupPortal"/>
  <testcase name="test_1455" time="8.898" classname="tests.TestExtInvSupPortal"/>
  <testcase name="test_1339" time="8.912" classname="tests.TestExtInvSupPortal"/>
  <testcase name="test_1458" time="9.413" classname="tests.TestExtInvSupPortal"/>
  <testcase name="test_1466_1532" time="10.941" classname="tests.TestExtInvSupPortal"/>
  <testcase name="test_1498" time="12.698" classname="tests.TestExtInvSupPortal"/>
  <testcase name="test_1483" time="13.699" classname="tests.TestExtInvSupPortal"/>
  <testcase name="test_1499" time="12.695" classname="tests.TestExtInvSupPortal"/>
  <testcase name="test_1506_2" time="8.283" classname="tests.TestExtInvSupPortal"/>
  <testcase name="test_1506_1" time="8.854" classname="tests.TestExtInvSupPortal"/>
  <testcase name="test_1503" time="9.204" classname="tests.TestExtInvSupPortal"/>
  <testcase name="test_1506_4" time="8.024" classname="tests.TestExtInvSupPortal"/>
  <testcase name="test_1506_3" time="9.577" classname="tests.TestExtInvSupPortal"/>
  <testcase name="test_1506_5" time="8.249" classname="tests.TestExtInvSupPortal"/>
  <testcase name="test_1620" time="4.951" classname="tests.TestExtInvSupPortal"/>
  <testcase name="test_1506_7" time="6.706" classname="tests.TestExtInvSupPortal"/>
  <testcase name="test_1506_6" time="10.513" classname="tests.TestExtInvSupPortal"/>
  <testcase name="test_1506_8" time="7.129" classname="tests.TestExtInvSupPortal"/>
  <testcase name="test_1549" time="10.488" classname="tests.TestExtInvSupPortal"/>
</testsuite> <!-- 2.4.1.0 chunk1 -->
