<?xml version="1.0" encoding="UTF-8"?>
<!-- Generated by org.testng.reporters.JUnitXMLReporter -->
<testsuite hostname="DESKTOP-HR7OA0S" name="2.4.1.0" tests="49" failures="1" timestamp="22 Jan 2016 15:55:54 GMT" time="145.38" errors="0">
  <testcase name="testExternalInvoice" time="3.329" classname="tests.TestExtInvSupPortal"/>
  <testcase name="test_1339" time="5.004" classname="tests.TestExtInvSupPortal"/>
  <testcase name="test_1408" time="0.864" classname="tests.TestExtInvSupPortal"/>
  <testcase name="test_1442" time="0.912" classname="tests.TestExtInvSupPortal"/>
  <testcase name="test_1455" time="3.909" classname="tests.TestExtInvSupPortal"/>
  <testcase name="test_1458" time="4.379" classname="tests.TestExtInvSupPortal"/>
  <testcase name="test_1466" time="3.479" classname="tests.TestExtInvSupPortal">
    <failure type="java.lang.AssertionError" message="expected [true] but found [false]">
      <![CDATA[java.lang.AssertionError: expected [true] but found [false]
	at tests.TestExtInvSupPortal.test_1466(TestExtInvSupPortal.java:236)
... Removed 28 stack frames]]>
    </failure>
  </testcase> <!-- test_1466 -->
  <testcase name="test_1479" time="2.314" classname="tests.TestExtInvSupPortal"/>
  <testcase name="test_1483" time="4.008" classname="tests.TestExtInvSupPortal"/>
  <testcase name="test_1498" time="3.587" classname="tests.TestExtInvSupPortal"/>
  <testcase name="test_1499" time="5.837" classname="tests.TestExtInvSupPortal"/>
  <testcase name="test_1503" time="4.972" classname="tests.TestExtInvSupPortal"/>
  <testcase name="test_1506_1" time="4.481" classname="tests.TestExtInvSupPortal"/>
  <testcase name="test_1506_10" time="4.038" classname="tests.TestExtInvSupPortal"/>
  <testcase name="test_1506_11" time="5.255" classname="tests.TestExtInvSupPortal"/>
  <testcase name="test_1506_12" time="5.033" classname="tests.TestExtInvSupPortal"/>
  <testcase name="test_1506_13" time="4.325" classname="tests.TestExtInvSupPortal"/>
  <testcase name="test_1506_14" time="4.481" classname="tests.TestExtInvSupPortal"/>
  <testcase name="test_1506_2" time="4.445" classname="tests.TestExtInvSupPortal"/>
  <testcase name="test_1506_3" time="4.372" classname="tests.TestExtInvSupPortal"/>
  <testcase name="test_1506_4" time="5.753" classname="tests.TestExtInvSupPortal"/>
  <testcase name="test_1506_5" time="5.587" classname="tests.TestExtInvSupPortal"/>
  <testcase name="test_1506_6" time="4.408" classname="tests.TestExtInvSupPortal"/>
  <testcase name="test_1506_7" time="5.01" classname="tests.TestExtInvSupPortal"/>
  <testcase name="test_1506_8" time="4.785" classname="tests.TestExtInvSupPortal"/>
  <testcase name="test_1506_9" time="4.806" classname="tests.TestExtInvSupPortal"/>
  <testcase name="test_1549" time="5.495" classname="tests.TestExtInvSupPortal"/>
  <testcase name="test_1411" time="0.772" classname="tests.TestInvoiceHeaders_NoInvoiceCreation"/>
  <testcase name="test_1424" time="0.344" classname="tests.TestInvoiceHeaders_NoInvoiceCreation"/>
  <testcase name="test_1432" time="0.525" classname="tests.TestInvoiceHeaders_NoInvoiceCreation"/>
  <testcase name="test_1433" time="0.281" classname="tests.TestInvoiceHeaders_NoInvoiceCreation"/>
  <testcase name="test_1446" time="0.285" classname="tests.TestInvoiceHeaders_NoInvoiceCreation"/>
  <testcase name="test_1448_1436" time="1.175" classname="tests.TestInvoiceHeaders_NoInvoiceCreation"/>
  <testcase name="test_1449" time="0.486" classname="tests.TestInvoiceHeaders_NoInvoiceCreation"/>
  <testcase name="test_1456" time="0.473" classname="tests.TestInvoiceHeaders_NoInvoiceCreation"/>
  <testcase name="test_1456_2" time="0.552" classname="tests.TestInvoiceHeaders_NoInvoiceCreation"/>
  <testcase name="test_1456_3" time="0.534" classname="tests.TestInvoiceHeaders_NoInvoiceCreation"/>
  <testcase name="test_1484" time="0.498" classname="tests.TestInvoiceHeaders_NoInvoiceCreation"/>
  <testcase name="test_1489" time="5.055" classname="tests.TestInvoiceHeaders_NoInvoiceCreation"/>
  <testcase name="test_1509" time="0.239" classname="tests.TestInvoiceHeaders_NoInvoiceCreation">
    <skipped/>
  </testcase> <!-- test_1509 -->
  <testcase name="testInvoiceHeaders" time="0.216" classname="tests.TestInvoiceHeaders"/>
  <testcase name="test_1368" time="0.226" classname="tests.TestInvoiceHeaders"/>
  <testcase name="test_1413_1427" time="0.22" classname="tests.TestInvoiceHeaders"/>
  <testcase name="test_1432" time="0.236" classname="tests.TestInvoiceHeaders"/>
  <testcase name="test_1463" time="5.78" classname="tests.TestRetrieveInvoiceInfo"/>
  <testcase name="test_1467" time="3.775" classname="tests.TestRetrieveInvoiceInfo"/>
  <testcase name="test_1485" time="3.908" classname="tests.TestRetrieveInvoiceInfo"/>
  <testcase name="test_1492" time="0.001" classname="tests.TestRetrieveInvoiceInfo">
    <skipped/>
  </testcase> <!-- test_1492 -->
  <testcase name="checkRetrieveMeasurementsUnits" time="0.295" classname="tests.TestRetrieveMeasurementsUnits"/>
</testsuite> <!-- 2.4.1.0 -->
