<?xml version="1.0" encoding="UTF-8"?>
<!-- Generated by org.testng.reporters.JUnitXMLReporter -->
<testsuite hostname="DESKTOP-HR7OA0S" name="2.4.1.0 chunk2" tests="4" failures="0" timestamp="16 Feb 2016 11:17:14 GMT" time="7.002" errors="0">
  <testcase name="test_1432" time="0.262" classname="tests.TestInvoiceHeaders"/>
  <testcase name="test_1656" time="0.314" classname="tests.TestInvoiceHeaders"/>
  <testcase name="test_1368" time="0.306" classname="tests.TestInvoiceHeaders"/>
  <testcase name="test_1413_1427" time="0.25" classname="tests.TestInvoiceHeaders"/>
</testsuite> <!-- 2.4.1.0 chunk2 -->
