<?xml version="1.0" encoding="UTF-8"?>
<!-- Generated by org.testng.reporters.JUnitXMLReporter -->
<testsuite hostname="DESKTOP-HR7OA0S" name="2.4.1.0 chunk1" tests="20" failures="0" timestamp="8 Mar 2016 12:27:15 GMT" time="27.287" errors="0">
  <testcase name="test_1442" time="4.735" classname="tests.TestExtInvSupPortal"/>
  <testcase name="test_1498" time="8.918" classname="tests.TestExtInvSupPortal"/>
  <testcase name="test_1483" time="9.257" classname="tests.TestExtInvSupPortal"/>
  <testcase name="test_1339" time="9.647" classname="tests.TestExtInvSupPortal"/>
  <testcase name="test_1479" time="9.807" classname="tests.TestExtInvSupPortal"/>
  <testcase name="test_1455" time="10.369" classname="tests.TestExtInvSupPortal"/>
  <testcase name="test_1466_1532" time="10.925" classname="tests.TestExtInvSupPortal"/>
  <testcase name="test_1458" time="12.095" classname="tests.TestExtInvSupPortal"/>
  <testcase name="test_1499" time="9.217" classname="tests.TestExtInvSupPortal"/>
  <testcase name="test_1503" time="7.676" classname="tests.TestExtInvSupPortal"/>
  <testcase name="test_1506_1" time="7.676" classname="tests.TestExtInvSupPortal"/>
  <testcase name="test_1506_3" time="7.425" classname="tests.TestExtInvSupPortal"/>
  <testcase name="test_1506_5" time="7.892" classname="tests.TestExtInvSupPortal"/>
  <testcase name="test_1506_2" time="10.047" classname="tests.TestExtInvSupPortal"/>
  <testcase name="test_1506_4" time="9.622" classname="tests.TestExtInvSupPortal"/>
  <testcase name="test_1506_6" time="9.622" classname="tests.TestExtInvSupPortal"/>
  <testcase name="test_1506_7" time="8.76" classname="tests.TestExtInvSupPortal"/>
  <testcase name="test_1620" time="5.556" classname="tests.TestExtInvSupPortal"/>
  <testcase name="test_1506_8" time="9.321" classname="tests.TestExtInvSupPortal"/>
  <testcase name="test_1549" time="10.014" classname="tests.TestExtInvSupPortal"/>
</testsuite> <!-- 2.4.1.0 chunk1 -->
