<?xml version="1.0" encoding="UTF-8"?>
<!-- Generated by org.testng.reporters.JUnitXMLReporter -->
<testsuite hostname="DESKTOP-HR7OA0S" name="2.4.1.0" tests="29" failures="6" timestamp="27 Jan 2016 13:25:12 GMT" time="38.765" errors="0">
  <testcase name="Atest_1339" time="0.084" classname="tests.TestExtInvSupPortalDef">
    <failure type="java.lang.NullPointerException">
      <![CDATA[java.lang.NullPointerException
	at utils.DatabaseUtil.executeQuery(DatabaseUtil.java:75)
	at tests.TestExtInvSupPortalDef.Atest_1339(TestExtInvSupPortalDef.java:95)
... Removed 24 stack frames]]>
    </failure>
  </testcase> <!-- Atest_1339 -->
  <testcase name="Atest_1455" time="0.544" classname="tests.TestExtInvSupPortalDef"/>
  <testcase name="Atest_1458" time="0.501" classname="tests.TestExtInvSupPortalDef"/>
  <testcase name="Atest_1483" time="0.746" classname="tests.TestExtInvSupPortalDef"/>
  <testcase name="Atest_1498" time="0.539" classname="tests.TestExtInvSupPortalDef"/>
  <testcase name="Atest_1499" time="0.214" classname="tests.TestExtInvSupPortalDef">
    <failure type="java.lang.NullPointerException">
      <![CDATA[java.lang.NullPointerException
	at utils.DatabaseUtil.executeQuery(DatabaseUtil.java:75)
	at tests.TestExtInvSupPortalDef.Atest_1499(TestExtInvSupPortalDef.java:181)
... Removed 24 stack frames]]>
    </failure>
  </testcase> <!-- Atest_1499 -->
  <testcase name="Atest_1503" time="0.217" classname="tests.TestExtInvSupPortalDef">
    <failure type="java.lang.NullPointerException">
      <![CDATA[java.lang.NullPointerException
	at utils.DatabaseUtil.executeQuery(DatabaseUtil.java:75)
	at tests.TestExtInvSupPortalDef.checkFileExtension(TestExtInvSupPortalDef.java:79)
	at tests.TestExtInvSupPortalDef.Atest_1503(TestExtInvSupPortalDef.java:248)
... Removed 24 stack frames]]>
    </failure>
  </testcase> <!-- Atest_1503 -->
  <testcase name="Atest_1549" time="0.551" classname="tests.TestExtInvSupPortalDef">
    <failure type="java.lang.NullPointerException">
      <![CDATA[java.lang.NullPointerException
	at utils.DatabaseUtil.executeQuery(DatabaseUtil.java:75)
	at tests.TestExtInvSupPortalDef.Atest_1549(TestExtInvSupPortalDef.java:227)
... Removed 24 stack frames]]>
    </failure>
  </testcase> <!-- Atest_1549 -->
  <testcase name="test_1411" time="0.452" classname="tests.TestInvoiceHeaders_NoInvoiceCreation"/>
  <testcase name="test_1424" time="0.286" classname="tests.TestInvoiceHeaders_NoInvoiceCreation"/>
  <testcase name="test_1432" time="0.474" classname="tests.TestInvoiceHeaders_NoInvoiceCreation"/>
  <testcase name="test_1433" time="0.218" classname="tests.TestInvoiceHeaders_NoInvoiceCreation"/>
  <testcase name="test_1446" time="0.267" classname="tests.TestInvoiceHeaders_NoInvoiceCreation"/>
  <testcase name="test_1448_1436" time="0.429" classname="tests.TestInvoiceHeaders_NoInvoiceCreation">
    <failure type="java.lang.NullPointerException">
      <![CDATA[java.lang.NullPointerException
	at utils.DatabaseUtil.executeQueryCounts(DatabaseUtil.java:49)
	at tests.TestInvoiceHeaders_NoInvoiceCreation.test_1448_1436(TestInvoiceHeaders_NoInvoiceCreation.java:193)
... Removed 24 stack frames]]>
    </failure>
  </testcase> <!-- test_1448_1436 -->
  <testcase name="test_1449" time="0.47" classname="tests.TestInvoiceHeaders_NoInvoiceCreation"/>
  <testcase name="test_1456" time="0.42" classname="tests.TestInvoiceHeaders_NoInvoiceCreation"/>
  <testcase name="test_1456_2" time="0.485" classname="tests.TestInvoiceHeaders_NoInvoiceCreation"/>
  <testcase name="test_1456_3" time="0.605" classname="tests.TestInvoiceHeaders_NoInvoiceCreation"/>
  <testcase name="test_1484" time="0.421" classname="tests.TestInvoiceHeaders_NoInvoiceCreation"/>
  <testcase name="test_1489" time="3.993" classname="tests.TestInvoiceHeaders_NoInvoiceCreation"/>
  <testcase name="test_1509" time="4.068" classname="tests.TestInvoiceHeaders_NoInvoiceCreation"/>
  <testcase name="test_1368" time="0.241" classname="tests.TestInvoiceHeaders"/>
  <testcase name="test_1413_1427" time="0.384" classname="tests.TestInvoiceHeaders"/>
  <testcase name="test_1432" time="0.249" classname="tests.TestInvoiceHeaders"/>
  <testcase name="test_1463" time="3.159" classname="tests.TestRetrieveInvoiceInfo">
    <failure type="java.lang.NullPointerException">
      <![CDATA[java.lang.NullPointerException
	at utils.DatabaseUtil.insertComment(DatabaseUtil.java:98)
	at tests.TestRetrieveInvoiceInfo.test_1463(TestRetrieveInvoiceInfo.java:173)
... Removed 24 stack frames]]>
    </failure>
  </testcase> <!-- test_1463 -->
  <testcase name="test_1467" time="3.457" classname="tests.TestRetrieveInvoiceInfo"/>
  <testcase name="test_1485" time="3.342" classname="tests.TestRetrieveInvoiceInfo"/>
  <testcase name="test_1492" time="3.574" classname="tests.TestRetrieveInvoiceInfo"/>
  <testcase name="checkRetrieveMeasurementsUnits" time="0.283" classname="tests.TestRetrieveMeasurementsUnits"/>
</testsuite> <!-- 2.4.1.0 -->
