<?xml version="1.0" encoding="UTF-8"?>
<!-- Generated by org.testng.reporters.JUnitXMLReporter -->
<testsuite hostname="DESKTOP-HR7OA0S" name="2.4.1.0 chunk2" tests="3" failures="0" timestamp="16 Feb 2016 12:15:17 GMT" time="41.078" errors="0">
  <testcase name="test_1413_1427" time="1.515" classname="tests.TestInvoiceHeaders"/>
  <testcase name="test_1432" time="1.515" classname="tests.TestInvoiceHeaders"/>
  <testcase name="test_1368" time="1.518" classname="tests.TestInvoiceHeaders"/>
</testsuite> <!-- 2.4.1.0 chunk2 -->
