<?xml version="1.0" encoding="UTF-8"?>
<testng-results skipped="0" failed="0" total="1" passed="1">
  <reporter-output>
  </reporter-output>
  <suite name="Default suite" duration-ms="56718" started-at="2016-01-26T09:29:08Z" finished-at="2016-01-26T09:30:05Z">
    <groups>
      <group name="2.4.1.0">
        <method signature="TestExtInvSupPortal.testExternalInvoice()[pri:0, instance:tests.TestExtInvSupPortal@256b8a7a]" name="testExternalInvoice" class="tests.TestExtInvSupPortal"/>
      </group> <!-- 2.4.1.0 -->
    </groups>
    <test name="Default test" duration-ms="56718" started-at="2016-01-26T09:29:08Z" finished-at="2016-01-26T09:30:05Z">
      <class name="tests.TestExtInvSupPortal">
        <test-method status="PASS" signature="setup()[pri:0, instance:tests.TestExtInvSupPortal@256b8a7a]" name="setup" is-config="true" duration-ms="251" started-at="2016-01-26T11:29:08Z" finished-at="2016-01-26T11:29:08Z">
          <reporter-output>
          </reporter-output>
        </test-method> <!-- setup -->
        <test-method status="PASS" signature="beforeGroups()[pri:0, instance:tests.TestExtInvSupPortal@256b8a7a]" name="beforeGroups" is-config="true" duration-ms="1" started-at="2016-01-26T11:29:08Z" finished-at="2016-01-26T11:29:08Z">
          <reporter-output>
          </reporter-output>
        </test-method> <!-- beforeGroups -->
        <test-method status="PASS" signature="testExternalInvoice()[pri:0, instance:tests.TestExtInvSupPortal@256b8a7a]" name="testExternalInvoice" duration-ms="56458" started-at="2016-01-26T11:29:08Z" finished-at="2016-01-26T11:30:05Z">
          <reporter-output>
          </reporter-output>
        </test-method> <!-- testExternalInvoice -->
      </class> <!-- tests.TestExtInvSupPortal -->
    </test> <!-- Default test -->
  </suite> <!-- Default suite -->
</testng-results>
