<?xml version="1.0" encoding="UTF-8"?>
<testng-results skipped="0" failed="0" total="1" passed="1">
  <reporter-output>
  </reporter-output>
  <suite name="Default suite" duration-ms="8408" started-at="2016-02-19T08:49:05Z" finished-at="2016-02-19T08:49:13Z">
    <groups>
      <group name="2.4.1.0">
        <method signature="TestRetrieveInvoiceInfo.test_1660()[pri:0, instance:tests.TestRetrieveInvoiceInfo@3d08622a]" name="test_1660" class="tests.TestRetrieveInvoiceInfo"/>
      </group> <!-- 2.4.1.0 -->
    </groups>
    <test name="Default test" duration-ms="8408" started-at="2016-02-19T08:49:05Z" finished-at="2016-02-19T08:49:13Z">
      <class name="tests.TestRetrieveInvoiceInfo">
        <test-method status="PASS" signature="setup()[pri:0, instance:tests.TestRetrieveInvoiceInfo@3d08622a]" name="setup" is-config="true" duration-ms="254" started-at="2016-02-19T10:49:05Z" finished-at="2016-02-19T10:49:05Z">
          <reporter-output>
          </reporter-output>
        </test-method> <!-- setup -->
        <test-method status="PASS" signature="test_1660()[pri:0, instance:tests.TestRetrieveInvoiceInfo@3d08622a]" name="test_1660" duration-ms="8153" started-at="2016-02-19T10:49:05Z" finished-at="2016-02-19T10:49:13Z">
          <reporter-output>
          </reporter-output>
        </test-method> <!-- test_1660 -->
        <test-method status="PASS" signature="tearDown(org.testng.ITestResult)[pri:0, instance:tests.TestRetrieveInvoiceInfo@3d08622a]" name="tearDown" is-config="true" duration-ms="1" started-at="2016-02-19T10:49:13Z" finished-at="2016-02-19T10:49:13Z">
          <params>
            <param index="0">
              <value>
                <![CDATA[[TestResult name=test_1660 status=SUCCESS method=TestRetrieveInvoiceInfo.test_1660()[pri:0, instance:tests.TestRetrieveInvoiceInfo@3d08622a] output={null}]]]>
              </value>
            </param>
          </params>
          <reporter-output>
          </reporter-output>
        </test-method> <!-- tearDown -->
      </class> <!-- tests.TestRetrieveInvoiceInfo -->
    </test> <!-- Default test -->
  </suite> <!-- Default suite -->
</testng-results>
