<?xml version="1.0" encoding="UTF-8"?>
<!-- Generated by org.testng.reporters.JUnitXMLReporter -->
<testsuite hostname="DESKTOP-HR7OA0S" name="2.4.1.0 chunk3" tests="14" failures="0" timestamp="1 Feb 2016 13:52:39 GMT" time="25.344" errors="0">
  <testcase name="test_1411" time="2.334" classname="tests.TestInvoiceHeaders_NoInvoiceCreation"/>
  <testcase name="test_1433" time="2.377" classname="tests.TestInvoiceHeaders_NoInvoiceCreation"/>
  <testcase name="test_1432" time="2.567" classname="tests.TestInvoiceHeaders_NoInvoiceCreation"/>
  <testcase name="test_1456" time="2.768" classname="tests.TestInvoiceHeaders_NoInvoiceCreation"/>
  <testcase name="test_1446" time="2.83" classname="tests.TestInvoiceHeaders_NoInvoiceCreation"/>
  <testcase name="test_1456_2" time="2.837" classname="tests.TestInvoiceHeaders_NoInvoiceCreation"/>
  <testcase name="test_1424" time="2.875" classname="tests.TestInvoiceHeaders_NoInvoiceCreation"/>
  <testcase name="test_1456_3" time="2.986" classname="tests.TestInvoiceHeaders_NoInvoiceCreation"/>
  <testcase name="test_1484" time="3.083" classname="tests.TestInvoiceHeaders_NoInvoiceCreation"/>
  <testcase name="test_1448_1436" time="3.298" classname="tests.TestInvoiceHeaders_NoInvoiceCreation"/>
  <testcase name="test_1449" time="3.527" classname="tests.TestInvoiceHeaders_NoInvoiceCreation"/>
  <testcase name="test_1408" time="16.57" classname="tests.TestInvoiceHeaders_NoInvoiceCreation"/>
  <testcase name="test_1509" time="17.894" classname="tests.TestInvoiceHeaders_NoInvoiceCreation"/>
  <testcase name="test_1489" time="25.069" classname="tests.TestInvoiceHeaders_NoInvoiceCreation"/>
</testsuite> <!-- 2.4.1.0 chunk3 -->
