<?xml version="1.0" encoding="UTF-8"?>
<!-- Generated by org.testng.reporters.JUnitXMLReporter -->
<testsuite hostname="DESKTOP-HR7OA0S" name="2.4.1.0 chunk1" tests="26" failures="0" timestamp="1 Feb 2016 13:52:49 GMT" time="35.87" errors="0">
  <testcase name="test_1442" time="4.437" classname="tests.TestExtInvSupPortal"/>
  <testcase name="test_1339" time="14.249" classname="tests.TestExtInvSupPortal"/>
  <testcase name="test_1506_12" time="16.508" classname="tests.TestExtInvSupPortal"/>
  <testcase name="test_1503" time="16.579" classname="tests.TestExtInvSupPortal"/>
  <testcase name="test_1483" time="16.901" classname="tests.TestExtInvSupPortal"/>
  <testcase name="test_1498" time="16.931" classname="tests.TestExtInvSupPortal"/>
  <testcase name="test_1455" time="16.938" classname="tests.TestExtInvSupPortal"/>
  <testcase name="test_1458" time="16.964" classname="tests.TestExtInvSupPortal"/>
  <testcase name="test_1466_1532" time="17.526" classname="tests.TestExtInvSupPortal"/>
  <testcase name="test_1506_13" time="17.62" classname="tests.TestExtInvSupPortal"/>
  <testcase name="test_1506_1" time="20.682" classname="tests.TestExtInvSupPortal"/>
  <testcase name="test_1506_14" time="21.142" classname="tests.TestExtInvSupPortal"/>
  <testcase name="test_1499" time="22.361" classname="tests.TestExtInvSupPortal"/>
  <testcase name="test_1506_10" time="23.31" classname="tests.TestExtInvSupPortal"/>
  <testcase name="test_1506_11" time="23.91" classname="tests.TestExtInvSupPortal"/>
  <testcase name="test_1479" time="25.701" classname="tests.TestExtInvSupPortal"/>
  <testcase name="test_1506_2" time="23.773" classname="tests.TestExtInvSupPortal"/>
  <testcase name="test_1506_7" time="12.035" classname="tests.TestExtInvSupPortal"/>
  <testcase name="test_1506_8" time="12.039" classname="tests.TestExtInvSupPortal"/>
  <testcase name="test_1506_6" time="12.383" classname="tests.TestExtInvSupPortal"/>
  <testcase name="test_1506_9" time="12.908" classname="tests.TestExtInvSupPortal"/>
  <testcase name="test_1549" time="13.136" classname="tests.TestExtInvSupPortal"/>
  <testcase name="test_1615" time="15.033" classname="tests.TestExtInvSupPortal"/>
  <testcase name="test_1506_5" time="18.792" classname="tests.TestExtInvSupPortal"/>
  <testcase name="test_1506_4" time="18.983" classname="tests.TestExtInvSupPortal"/>
  <testcase name="test_1506_3" time="21.331" classname="tests.TestExtInvSupPortal"/>
</testsuite> <!-- 2.4.1.0 chunk1 -->
