<?xml version="1.0" encoding="UTF-8"?>
<!-- Generated by org.testng.reporters.JUnitXMLReporter -->
<testsuite hostname="DESKTOP-HR7OA0S" name="2.4.1.0 chunk2" tests="8" failures="0" timestamp="1 Feb 2016 13:52:41 GMT" time="27.619" errors="0">
  <testcase name="checkRetrieveMeasurementsUnits" time="1.076" classname="tests.TestRetrieveMeasurementsUnits"/>
  <testcase name="test_1368" time="1.177" classname="tests.TestInvoiceHeaders"/>
  <testcase name="test_1467" time="17.606" classname="tests.TestRetrieveInvoiceInfo"/>
  <testcase name="test_1432" time="1.147" classname="tests.TestInvoiceHeaders"/>
  <testcase name="test_1492" time="22.855" classname="tests.TestRetrieveInvoiceInfo"/>
  <testcase name="test_1463" time="23.883" classname="tests.TestRetrieveInvoiceInfo"/>
  <testcase name="test_1413_1427" time="0.892" classname="tests.TestInvoiceHeaders"/>
  <testcase name="test_1485" time="27.338" classname="tests.TestRetrieveInvoiceInfo"/>
</testsuite> <!-- 2.4.1.0 chunk2 -->
