<?xml version="1.0" encoding="UTF-8"?>
<!-- Generated by org.testng.reporters.JUnitXMLReporter -->
<testsuite hostname="DESKTOP-HR7OA0S" name="2.4.1.0 chunk3(failed)" tests="7" failures="0" timestamp="1 Feb 2016 13:52:51 GMT" time="12.517" errors="0">
  <testcase name="test_1456" time="0.736" classname="tests.TestInvoiceHeaders_NoInvoiceCreation"/>
  <testcase name="test_1433" time="0.857" classname="tests.TestInvoiceHeaders_NoInvoiceCreation"/>
  <testcase name="test_1484" time="1.048" classname="tests.TestInvoiceHeaders_NoInvoiceCreation"/>
  <testcase name="test_1449" time="1.002" classname="tests.TestInvoiceHeaders_NoInvoiceCreation"/>
  <testcase name="test_1424" time="0.961" classname="tests.TestInvoiceHeaders_NoInvoiceCreation"/>
  <testcase name="test_1411" time="1.048" classname="tests.TestInvoiceHeaders_NoInvoiceCreation"/>
  <testcase name="test_1489" time="11.655" classname="tests.TestInvoiceHeaders_NoInvoiceCreation"/>
</testsuite> <!-- 2.4.1.0 chunk3(failed) -->
